# JRE version: Java(TM) SE Runtime Environment (8.0_202-b08) (build 1.8.0_202-b08)
# Java VM: Java HotSpot(TM) 64-Bit Server VM (25.202-b08 mixed mode windows-amd64 compressed oops)
Heap:
 PSYoungGen      total 413184K, used 0K [0x000000076c500000, 0x0000000786680000, 0x00000007c0000000)
  eden space 407552K, 0% used [0x000000076c500000,0x000000076c500000,0x0000000785300000)
  from space 5632K, 0% used [0x0000000785e00000,0x0000000785e00000,0x0000000786380000)
  to   space 3072K, 0% used [0x0000000786380000,0x0000000786380000,0x0000000786680000)
 ParOldGen       total 213504K, used 24786K [0x00000006c4e00000, 0x00000006d1e80000, 0x000000076c500000)
  object space 213504K, 11% used [0x00000006c4e00000,0x00000006c6634b88,0x00000006d1e80000)
 Metaspace       used 104576K, capacity 113085K, committed 118360K, reserved 1150976K
  class space    used 13732K, capacity 15970K, committed 16768K, reserved 1048576K
GC Heap History (10 events):
Event: 8682.099 GC heap after
Heap after GC invocations=166 (full 80):
 PSYoungGen      total 364544K, used 6215K [0x000000076c500000, 0x0000000783000000, 0x00000007c0000000)
  eden space 357376K, 0% used [0x000000076c500000,0x000000076c500000,0x0000000782200000)
  from space 7168K, 86% used [0x0000000782900000,0x0000000782f11ca0,0x0000000783000000)
  to   space 7168K, 0% used [0x0000000782200000,0x0000000782200000,0x0000000782900000)
 ParOldGen       total 213504K, used 42084K [0x00000006c4e00000, 0x00000006d1e80000, 0x000000076c500000)
  object space 213504K, 19% used [0x00000006c4e00000,0x00000006c7719390,0x00000006d1e80000)
 Metaspace       used 108184K, capacity 116989K, committed 117208K, reserved 1150976K
  class space    used 14152K, capacity 16578K, committed 16640K, reserved 1048576K
}
Event: 8682.099 GC heap before
{Heap before GC invocations=167 (full 81):
 PSYoungGen      total 364544K, used 6215K [0x000000076c500000, 0x0000000783000000, 0x00000007c0000000)
  eden space 357376K, 0% used [0x000000076c500000,0x000000076c500000,0x0000000782200000)
  from space 7168K, 86% used [0x0000000782900000,0x0000000782f11ca0,0x0000000783000000)
  to   space 7168K, 0% used [0x0000000782200000,0x0000000782200000,0x0000000782900000)
 ParOldGen       total 213504K, used 42084K [0x00000006c4e00000, 0x00000006d1e80000, 0x000000076c500000)
  object space 213504K, 19% used [0x00000006c4e00000,0x00000006c7719390,0x00000006d1e80000)
 Metaspace       used 108184K, capacity 116989K, committed 117208K, reserved 1150976K
  class space    used 14152K, capacity 16578K, committed 16640K, reserved 1048576K
Event: 8682.272 GC heap after
Heap after GC invocations=167 (full 81):
 PSYoungGen      total 364544K, used 0K [0x000000076c500000, 0x0000000783000000, 0x00000007c0000000)
  eden space 357376K, 0% used [0x000000076c500000,0x000000076c500000,0x0000000782200000)
  from space 7168K, 0% used [0x0000000782900000,0x0000000782900000,0x0000000783000000)
  to   space 7168K, 0% used [0x0000000782200000,0x0000000782200000,0x0000000782900000)
 ParOldGen       total 213504K, used 42514K [0x00000006c4e00000, 0x00000006d1e80000, 0x000000076c500000)
  object space 213504K, 19% used [0x00000006c4e00000,0x00000006c77849c8,0x00000006d1e80000)
 Metaspace       used 108181K, capacity 116983K, committed 117208K, reserved 1150976K
  class space    used 14152K, capacity 16576K, committed 16640K, reserved 1048576K
}
Event: 9342.568 GC heap before
{Heap before GC invocations=168 (full 81):
 PSYoungGen      total 364544K, used 357376K [0x000000076c500000, 0x0000000783000000, 0x00000007c0000000)
  eden space 357376K, 100% used [0x000000076c500000,0x0000000782200000,0x0000000782200000)
  from space 7168K, 0% used [0x0000000782900000,0x0000000782900000,0x0000000783000000)
  to   space 7168K, 0% used [0x0000000782200000,0x0000000782200000,0x0000000782900000)
 ParOldGen       total 213504K, used 42514K [0x00000006c4e00000, 0x00000006d1e80000, 0x000000076c500000)
  object space 213504K, 19% used [0x00000006c4e00000,0x00000006c77849c8,0x00000006d1e80000)
 Metaspace       used 108930K, capacity 117965K, committed 118104K, reserved 1150976K
  class space    used 14239K, capacity 16701K, committed 16768K, reserved 1048576K
Event: 9342.574 GC heap after
Heap after GC invocations=168 (full 81):
 PSYoungGen      total 364544K, used 7166K [0x000000076c500000, 0x0000000786d80000, 0x00000007c0000000)
  eden space 357376K, 0% used [0x000000076c500000,0x000000076c500000,0x0000000782200000)
  from space 7168K, 99% used [0x0000000782200000,0x00000007828ffb50,0x0000000782900000)
  to   space 7680K, 0% used [0x0000000786600000,0x0000000786600000,0x0000000786d80000)
 ParOldGen       total 213504K, used 43046K [0x00000006c4e00000, 0x00000006d1e80000, 0x000000076c500000)
  object space 213504K, 20% used [0x00000006c4e00000,0x00000006c78099d8,0x00000006d1e80000)
 Metaspace       used 108930K, capacity 117965K, committed 118104K, reserved 1150976K
  class space    used 14239K, capacity 16701K, committed 16768K, reserved 1048576K
}
Event: 11067.908 GC heap before
{Heap before GC invocations=169 (full 81):
 PSYoungGen      total 364544K, used 364542K [0x000000076c500000, 0x0000000786d80000, 0x00000007c0000000)
  eden space 357376K, 100% used [0x000000076c500000,0x0000000782200000,0x0000000782200000)
  from space 7168K, 99% used [0x0000000782200000,0x00000007828ffb50,0x0000000782900000)
  to   space 7680K, 0% used [0x0000000786600000,0x0000000786600000,0x0000000786d80000)
 ParOldGen       total 213504K, used 43046K [0x00000006c4e00000, 0x00000006d1e80000, 0x000000076c500000)
  object space 213504K, 20% used [0x00000006c4e00000,0x00000006c78099d8,0x00000006d1e80000)
 Metaspace       used 109080K, capacity 118141K, committed 118360K, reserved 1150976K
  class space    used 14246K, capacity 16709K, committed 16768K, reserved 1048576K
Event: 11067.915 GC heap after
Heap after GC invocations=169 (full 81):
 PSYoungGen      total 414720K, used 6902K [0x000000076c500000, 0x0000000786d00000, 0x00000007c0000000)
  eden space 407552K, 0% used [0x000000076c500000,0x000000076c500000,0x0000000785300000)
  from space 7168K, 96% used [0x0000000786600000,0x0000000786cbd860,0x0000000786d00000)
  to   space 7680K, 0% used [0x0000000785e00000,0x0000000785e00000,0x0000000786580000)
 ParOldGen       total 213504K, used 43054K [0x00000006c4e00000, 0x00000006d1e80000, 0x000000076c500000)
  object space 213504K, 20% used [0x00000006c4e00000,0x00000006c780b9d8,0x00000006d1e80000)
 Metaspace       used 109080K, capacity 118141K, committed 118360K, reserved 1150976K
  class space    used 14246K, capacity 16709K, committed 16768K, reserved 1048576K
}
Event: 20811.850 GC heap before
{Heap before GC invocations=170 (full 81):
 PSYoungGen      total 414720K, used 204448K [0x000000076c500000, 0x0000000786d00000, 0x00000007c0000000)
  eden space 407552K, 48% used [0x000000076c500000,0x00000007785ea9f8,0x0000000785300000)
  from space 7168K, 96% used [0x0000000786600000,0x0000000786cbd860,0x0000000786d00000)
  to   space 7680K, 0% used [0x0000000785e00000,0x0000000785e00000,0x0000000786580000)
 ParOldGen       total 213504K, used 43054K [0x00000006c4e00000, 0x00000006d1e80000, 0x000000076c500000)
  object space 213504K, 20% used [0x00000006c4e00000,0x00000006c780b9d8,0x00000006d1e80000)
 Metaspace       used 109087K, capacity 118159K, committed 118360K, reserved 1150976K
  class space    used 14248K, capacity 16713K, committed 16768K, reserved 1048576K
Event: 20811.861 GC heap after
Heap after GC invocations=170 (full 81):
 PSYoungGen      total 413184K, used 5606K [0x000000076c500000, 0x0000000786680000, 0x00000007c0000000)
  eden space 407552K, 0% used [0x000000076c500000,0x000000076c500000,0x0000000785300000)
  from space 5632K, 99% used [0x0000000785e00000,0x0000000786379820,0x0000000786380000)
  to   space 3072K, 0% used [0x0000000786380000,0x0000000786380000,0x0000000786680000)
 ParOldGen       total 213504K, used 43062K [0x00000006c4e00000, 0x00000006d1e80000, 0x000000076c500000)
  object space 213504K, 20% used [0x00000006c4e00000,0x00000006c780d9d8,0x00000006d1e80000)
 Metaspace       used 109087K, capacity 118159K, committed 118360K, reserved 1150976K
  class space    used 14248K, capacity 16713K, committed 16768K, reserved 1048576K
}
Event: 20811.861 GC heap before
{Heap before GC invocations=171 (full 82):
 PSYoungGen      total 413184K, used 5606K [0x000000076c500000, 0x0000000786680000, 0x00000007c0000000)
  eden space 407552K, 0% used [0x000000076c500000,0x000000076c500000,0x0000000785300000)
  from space 5632K, 99% used [0x0000000785e00000,0x0000000786379820,0x0000000786380000)
  to   space 3072K, 0% used [0x0000000786380000,0x0000000786380000,0x0000000786680000)
 ParOldGen       total 213504K, used 43062K [0x00000006c4e00000, 0x00000006d1e80000, 0x000000076c500000)
  object space 213504K, 20% used [0x00000006c4e00000,0x00000006c780d9d8,0x00000006d1e80000)
 Metaspace       used 109087K, capacity 118159K, committed 118360K, reserved 1150976K
  class space    used 14248K, capacity 16713K, committed 16768K, reserved 1048576K

